<?xml version="1.0" encoding="UTF-8"?>
<!-- Generated by org.testng.reporters.JUnitReportReporter -->
<testsuite skipped="0" hostname="DESKTOP-GVU7P1Q" name="SeleniumDev.TestClass" tests="1" failures="0" timestamp="01 Mar 2020 05:55:34 GMT" time="12.391" errors="0">
  <testcase name="testMethod1" time="12.391" classname="SeleniumDev.TestClass"/>
</testsuite> <!-- SeleniumDev.TestClass -->
